<?xml version="1.0" encoding="UTF-8"?>
<!-- Generated by org.testng.reporters.JUnitXMLReporter -->
<testsuite hostname="LAPTOP-SOIF70EN" ignored="1" name="Test04Ch" tests="1" failures="0" timestamp="2020-02-08T19:43:59 EET" time="19.725" errors="0">
  <testcase name="goToLeaveListNegBalance" time="9.646" classname="testClassOrange.TC04_LeaveList"/>
  <testcase name="goToLeaveList" time="0.0" classname="testClassOrange.TC04_LeaveList">
    <ignored/>
  </testcase> <!-- goToLeaveList -->
</testsuite> <!-- Test04Ch -->
