<?xml version="1.0" encoding="UTF-8"?>
<!-- Generated by org.testng.reporters.JUnitXMLReporter -->
<testsuite hostname="LAPTOP-SOIF70EN" ignored="1" name="Test04Ch" tests="1" failures="0" timestamp="2020-02-08T22:52:12 EET" time="20.509" errors="0">
  <testcase name="goToLeaveListNegBalance" time="10.105" classname="testClassOrange.TC04_LeaveList"/>
  <testcase name="goToLeaveList" time="0.0" classname="testClassOrange.TC04_LeaveList">
    <ignored/>
  </testcase> <!-- goToLeaveList -->
</testsuite> <!-- Test04Ch -->
