<?xml version="1.0" encoding="UTF-8"?>
<!-- Generated by org.testng.reporters.JUnitXMLReporter -->
<testsuite hostname="ioana-PC" ignored="1" name="Test04FF" tests="1" failures="0" timestamp="11 Feb 2020 10:01:56 GMT" time="17.831" errors="0">
  <testcase name="goToLeaveListNegBalance" time="4.703" classname="testClassOrange.TC04_LeaveList"/>
  <testcase name="goToLeaveList" time="0.0" classname="testClassOrange.TC04_LeaveList">
    <ignored/>
  </testcase> <!-- goToLeaveList -->
</testsuite> <!-- Test04FF -->
