<?xml version="1.0" encoding="UTF-8"?>
<!-- Generated by org.testng.reporters.JUnitXMLReporter -->
<testsuite hostname="ioana-PC" ignored="1" name="Test04" tests="1" failures="0" timestamp="07 Feb 2020 12:14:42 GMT" time="15.985" errors="0">
  <testcase name="goToLeaveListNegBalance" time="4.761" classname="testClassOrange.TC04_LeaveList"/>
  <testcase name="goToLeaveList" time="0.0" classname="testClassOrange.TC04_LeaveList">
    <ignored/>
  </testcase> <!-- goToLeaveList -->
</testsuite> <!-- Test04 -->
