<?xml version="1.0" encoding="UTF-8"?>
<testng-results skipped="0" failed="0" ignored="0" total="1" passed="1">
  <reporter-output>
  </reporter-output>
  <suite name="Default suite" duration-ms="10999" started-at="2020-02-05T10:45:08Z" finished-at="2020-02-05T10:45:19Z">
    <groups>
    </groups>
    <test name="Default test" duration-ms="10999" started-at="2020-02-05T10:45:08Z" finished-at="2020-02-05T10:45:19Z">
      <class name="testClassOrange.TC04_LeaveList">
        <test-method status="PASS" signature="setup()[pri:0, instance:testClassOrange.TC04_LeaveList@3abbfa04]" name="setup" is-config="true" duration-ms="9698" started-at="2020-02-05T12:45:08Z" finished-at="2020-02-05T12:45:18Z">
          <reporter-output>
          </reporter-output>
        </test-method> <!-- setup -->
        <test-method status="PASS" signature="goToLeaveList()[pri:0, instance:testClassOrange.TC04_LeaveList@3abbfa04]" name="goToLeaveList" duration-ms="1281" started-at="2020-02-05T12:45:18Z" finished-at="2020-02-05T12:45:19Z">
          <reporter-output>
          </reporter-output>
        </test-method> <!-- goToLeaveList -->
      </class> <!-- testClassOrange.TC04_LeaveList -->
    </test> <!-- Default test -->
  </suite> <!-- Default suite -->
</testng-results>
